{"uuid":"37fc87ff-cbdf-4703-9c14-fa051622d59f","name":"Test Case: 004 - Test Case Login with 'Partner Customer Admin' Credetials and verify TabAvailablity","children":["db943c42-76f7-4324-b412-93f00730a97a","ad362dfb-2739-45b3-b572-b93f4540424a","3e0ad9d1-1cd9-40a7-8784-30a178291398","75a63aa5-c0ab-4ae5-a152-634b766a2ef0","f547e0f4-96a5-407e-ae1e-30a06eccffc6","a7df1627-3fff-4849-817c-92b9e558b1aa","0ccc3a18-a731-4983-95e5-8138e08a0134","dcbe8987-c438-46b3-86e1-57cc9e091386","f20869c3-7446-4d78-942b-3cb1247a2667","21080d59-b429-4e6d-8fcc-74396ac8ed24","39e30227-ddfd-4331-829d-6007332e3baa","44f520e0-e8f5-4c4e-9a36-b7633e72ce54","6d9c9735-9fd9-4a0c-bfbc-bff70aea3c88","28bd66f4-79a0-4eb7-b511-d4a724148717","35e83581-89ef-4517-b5ed-b20874842007","5c6f63fb-a750-48a3-aa04-4595d290e2da","675b35a7-903b-46df-888d-97d550e172af","7a531681-6f92-4a73-b779-da61e5f583dc","1bd5c470-2d0e-4b11-b7ca-d0438cea629d","806cd7b6-5648-4218-97aa-a5c395221a69","92f50050-b013-41bc-a58e-77f7b91b9bad","ee8ca4df-9c7a-44ad-a34b-e7684e521232","43d8f7cb-ebbe-456b-bd0e-9a15be630f37","721c2c59-a787-49d7-9335-001c5facd7b7","f35313f8-d4d7-4c9f-9b19-cb2b843ef92d","42622c40-5c9f-4f61-93a8-0e1cb914195e","80e3dba3-6c0b-4170-b27a-21a51d6aca78","54067444-7ec0-44bb-b88f-276a4a9d0cb6","21b6d717-f298-427d-95d3-aa0362fa27ab","2dafdaac-2e97-41a7-a8fe-9880572cf0ca","5e89d8d2-9254-4745-bb92-678e6fe070c2","06470b6e-4da6-47ff-a72e-bc0825605d67","7ea58e39-1651-461f-b595-a8e479ac90ce","4fb9b767-20d3-4f59-b621-384012251055","41144697-6381-4786-8635-33aa504b8c10","c7414194-8cb6-4bc5-a422-36a0588eafa6","49d9508d-1751-4e4e-8dba-a0bac671d0ea","79fe49b2-be5d-43a5-845f-b8fd30b411c6","7a5e1c7c-d307-4b12-8359-52b23985a532","0ac20473-b6ac-4f4a-84f8-a7057303277b","4748f3f5-3b21-4b93-9260-65064e285531","6762a88c-73c6-4e4e-8830-4d2fde0ecdfd","bf35d9cb-a274-4839-89ae-864d52239a40"],"befores":[{"name":"applicationLaunch","status":"broken","statusDetails":{"known":false,"muted":false,"flaky":false,"message":"Expected condition failed: waiting for presence of element located by: By.xpath: //*[@id=\"wrapper\"]/header/section[2] (tried for 10 second(s) with 500 milliseconds interval)","trace":"org.openqa.selenium.TimeoutException: Expected condition failed: waiting for presence of element located by: By.xpath: //*[@id=\"wrapper\"]/header/section[2] (tried for 10 second(s) with 500 milliseconds interval)\r\n\tat org.openqa.selenium.support.ui.WebDriverWait.timeoutException(WebDriverWait.java:95)\r\n\tat org.openqa.selenium.support.ui.FluentWait.until(FluentWait.java:272)\r\n\tat resources.basePropertiesFile.VoiceWatch_login(basePropertiesFile.java:169)\r\n\tat VW_TC.TC0004_login_With_Partner_Customer_Admin.applicationLaunch(TC0004_login_With_Partner_Customer_Admin.java:35)\r\n\tat sun.reflect.NativeMethodAccessorImpl.invoke0(Native Method)\r\n\tat sun.reflect.NativeMethodAccessorImpl.invoke(NativeMethodAccessorImpl.java:62)\r\n\tat sun.reflect.DelegatingMethodAccessorImpl.invoke(DelegatingMethodAccessorImpl.java:43)\r\n\tat java.lang.reflect.Method.invoke(Method.java:498)\r\n\tat org.testng.internal.MethodInvocationHelper.invokeMethod(MethodInvocationHelper.java:133)\r\n\tat org.testng.internal.MethodInvocationHelper.invokeMethodConsideringTimeout(MethodInvocationHelper.java:62)\r\n\tat org.testng.internal.ConfigInvoker.invokeConfigurationMethod(ConfigInvoker.java:340)\r\n\tat org.testng.internal.ConfigInvoker.invokeConfigurations(ConfigInvoker.java:294)\r\n\tat org.testng.TestRunner.invokeTestConfigurations(TestRunner.java:623)\r\n\tat org.testng.TestRunner.beforeRun(TestRunner.java:613)\r\n\tat org.testng.TestRunner.run(TestRunner.java:584)\r\n\tat org.testng.SuiteRunner.runTest(SuiteRunner.java:402)\r\n\tat org.testng.SuiteRunner.runSequentially(SuiteRunner.java:396)\r\n\tat org.testng.SuiteRunner.privateRun(SuiteRunner.java:355)\r\n\tat org.testng.SuiteRunner.run(SuiteRunner.java:304)\r\n\tat org.testng.SuiteRunnerWorker.runSuite(SuiteRunnerWorker.java:53)\r\n\tat org.testng.SuiteRunnerWorker.run(SuiteRunnerWorker.java:96)\r\n\tat org.testng.TestNG.runSuitesSequentially(TestNG.java:1180)\r\n\tat org.testng.TestNG.runSuitesLocally(TestNG.java:1102)\r\n\tat org.testng.TestNG.runSuites(TestNG.java:1032)\r\n\tat org.testng.TestNG.run(TestNG.java:1000)\r\n\tat org.apache.maven.surefire.testng.TestNGExecutor.run(TestNGExecutor.java:283)\r\n\tat org.apache.maven.surefire.testng.TestNGXmlTestSuite.execute(TestNGXmlTestSuite.java:75)\r\n\tat org.apache.maven.surefire.testng.TestNGProvider.invoke(TestNGProvider.java:120)\r\n\tat org.apache.maven.surefire.booter.ForkedBooter.invokeProviderInSameClassLoader(ForkedBooter.java:384)\r\n\tat org.apache.maven.surefire.booter.ForkedBooter.runSuitesInProcess(ForkedBooter.java:345)\r\n\tat org.apache.maven.surefire.booter.ForkedBooter.execute(ForkedBooter.java:126)\r\n\tat org.apache.maven.surefire.booter.ForkedBooter.main(ForkedBooter.java:418)\r\nCaused by: org.openqa.selenium.NoSuchElementException: no such element: Unable to locate element: {\"method\":\"xpath\",\"selector\":\"//*[@id=\"wrapper\"]/header/section[2]\"}\n  (Session info: chrome=79.0.3945.130)\nFor documentation on this error, please visit: https://www.seleniumhq.org/exceptions/no_such_element.html\nBuild info: version: '3.141.59', revision: 'e82be7d358', time: '2018-11-14T08:17:03'\nSystem info: host: 'REM-L-SINGHH', ip: '10.12.60.28', os.name: 'Windows 10', os.arch: 'amd64', os.version: '10.0', java.version: '1.8.0_171'\nDriver info: org.openqa.selenium.chrome.ChromeDriver\nCapabilities {acceptInsecureCerts: false, browserName: chrome, browserVersion: 79.0.3945.130, chrome: {chromedriverVersion: 79.0.3945.36 (3582db32b3389..., userDataDir: C:\\Users\\hsingh\\AppData\\Loc...}, goog:chromeOptions: {debuggerAddress: localhost:52909}, javascriptEnabled: true, networkConnectionEnabled: false, pageLoadStrategy: normal, platform: WINDOWS, platformName: WINDOWS, proxy: Proxy(), setWindowRect: true, strictFileInteractability: false, timeouts: {implicit: 0, pageLoad: 300000, script: 30000}, unhandledPromptBehavior: dismiss and notify}\nSession ID: 36138ef2989ef38568f684f8e52ea5ff\n*** Element info: {Using=xpath, value=//*[@id=\"wrapper\"]/header/section[2]}\r\n\tat sun.reflect.NativeConstructorAccessorImpl.newInstance0(Native Method)\r\n\tat sun.reflect.NativeConstructorAccessorImpl.newInstance(NativeConstructorAccessorImpl.java:62)\r\n\tat sun.reflect.DelegatingConstructorAccessorImpl.newInstance(DelegatingConstructorAccessorImpl.java:45)\r\n\tat java.lang.reflect.Constructor.newInstance(Constructor.java:423)\r\n\tat org.openqa.selenium.remote.http.W3CHttpResponseCodec.createException(W3CHttpResponseCodec.java:187)\r\n\tat org.openqa.selenium.remote.http.W3CHttpResponseCodec.decode(W3CHttpResponseCodec.java:122)\r\n\tat org.openqa.selenium.remote.http.W3CHttpResponseCodec.decode(W3CHttpResponseCodec.java:49)\r\n\tat org.openqa.selenium.remote.HttpCommandExecutor.execute(HttpCommandExecutor.java:158)\r\n\tat org.openqa.selenium.remote.service.DriverCommandExecutor.execute(DriverCommandExecutor.java:83)\r\n\tat org.openqa.selenium.remote.RemoteWebDriver.execute(RemoteWebDriver.java:552)\r\n\tat org.openqa.selenium.remote.RemoteWebDriver.findElement(RemoteWebDriver.java:323)\r\n\tat org.openqa.selenium.remote.RemoteWebDriver.findElementByXPath(RemoteWebDriver.java:428)\r\n\tat org.openqa.selenium.By$ByXPath.findElement(By.java:353)\r\n\tat org.openqa.selenium.remote.RemoteWebDriver.findElement(RemoteWebDriver.java:315)\r\n\tat org.openqa.selenium.support.ui.ExpectedConditions$6.apply(ExpectedConditions.java:182)\r\n\tat org.openqa.selenium.support.ui.ExpectedConditions$6.apply(ExpectedConditions.java:179)\r\n\tat org.openqa.selenium.support.ui.FluentWait.until(FluentWait.java:249)\r\n\t... 30 more\r\n"},"stage":"finished","description":"","steps":[],"attachments":[],"parameters":[],"start":1581936416187,"stop":1581936496971}],"afters":[{"name":"applicationClose","status":"broken","stage":"finished","description":"","steps":[],"attachments":[],"parameters":[],"start":1581936497606,"stop":1581936497606}],"links":[],"start":1581936416146,"stop":1581936497691}